2025-02-07 09:26:56 [http-nio-8080-exec-4] INFO  com.example.jwt.JwtLoggingAspect - Validating JWT: eyJhbGciOi...
2025-02-07 09:26:56 [http-nio-8080-exec-4] INFO  com.example.jwt.JwtLoggingAspect - JWT is valid
2025-02-07 09:29:51 [http-nio-8080-exec-4] INFO  com.example.jwt.JwtLoggingAspect - ### JWT Logging Aspect Initialized ###
2025-02-07 09:29:51 [http-nio-8080-exec-4] INFO  com.example.jwt.JwtLoggingAspect - Validating JWT: eyJhbGciOi...
2025-02-07 09:29:51 [http-nio-8080-exec-4] INFO  com.example.jwt.JwtLoggingAspect - JWT is valid
2025-02-07 09:34:21 [http-nio-8080-exec-6] INFO  com.example.jwt.JwtLoggingAspect - ### JWT Logging Aspect Initialized ###
2025-02-07 09:34:21 [http-nio-8080-exec-6] INFO  com.example.jwt.JwtLoggingAspect - Validating JWT: eyJhbGciOi...
2025-02-07 09:34:21 [http-nio-8080-exec-6] INFO  com.example.jwt.JwtLoggingAspect - JWT is valid
2025-02-07 09:35:35 [http-nio-8080-exec-4] INFO  com.example.jwt.JwtLoggingAspect - ### JWT Logging Aspect Initialized ###
2025-02-07 09:35:35 [http-nio-8080-exec-4] INFO  com.example.jwt.JwtLoggingAspect - Validating JWT: eyJhbGciOi...
2025-02-07 09:35:35 [http-nio-8080-exec-4] INFO  com.example.jwt.JwtLoggingAspect - JWT is valid
2025-02-07 09:49:12 [http-nio-8080-exec-4] INFO  com.example.jwt.JwtLoggingAspect - ### JWT Logging Aspect Initialized ###
2025-02-07 09:49:12 [http-nio-8080-exec-4] INFO  com.example.jwt.JwtLoggingAspect - ### JWT Logging Aspect Initialized ###
2025-02-07 09:49:12 [http-nio-8080-exec-4] INFO  com.example.jwt.JwtLoggingAspect - Validating JWT: eyJhbGciOi...
2025-02-07 09:49:12 [http-nio-8080-exec-4] INFO  com.example.jwt.JwtLoggingAspect - ✅ JWT is valid
2025-02-07 09:51:55 [http-nio-8080-exec-4] INFO  com.example.jwt.JwtLoggingAspect - ### JWT Logging Aspect Initialized ###
2025-02-07 09:51:55 [http-nio-8080-exec-4] INFO  com.example.jwt.JwtLoggingAspect - Validating JWT: eyJhbGciOi...
2025-02-07 09:51:55 [http-nio-8080-exec-4] INFO  com.example.jwt.JwtLoggingAspect - ✅ JWT is valid
2025-02-07 09:59:22 [http-nio-8080-exec-4] INFO  com.example.jwt.JwtLoggingAspect - ### JWT Logging Aspect Initialized ###
2025-02-07 09:59:22 [http-nio-8080-exec-4] INFO  com.example.jwt.JwtLoggingAspect - Validating JWT: eyJhbGciOi...
2025-02-07 09:59:22 [http-nio-8080-exec-4] INFO  com.example.jwt.JwtLoggingAspect - ✅ JWT is valid
2025-02-07 10:04:10 [http-nio-8080-exec-4] INFO  com.example.jwt.JwtLoggingAspect - ### JWT Logging Aspect Initialized ###
2025-02-07 10:04:10 [http-nio-8080-exec-4] INFO  com.example.jwt.JwtLoggingAspect - Validating JWT: eyJhbGciOi...
2025-02-07 10:04:10 [http-nio-8080-exec-4] INFO  com.example.jwt.JwtLoggingAspect - ✅ JWT is valid
2025-02-07 10:14:37 [http-nio-8080-exec-4] INFO  com.example.jwt.JwtLoggingAspect - ### JWT Logging Aspect Initialized ###
2025-02-07 10:14:37 [http-nio-8080-exec-4] INFO  com.example.jwt.JwtLoggingAspect - Validating JWT: eyJhbGciOi...
2025-02-07 10:14:37 [http-nio-8080-exec-4] INFO  com.example.jwt.JwtLoggingAspect - ✅ JWT is valid
2025-02-07 10:28:24 [http-nio-8080-exec-4] INFO  com.example.jwt.JwtLoggingAspect - ### JWT Logging Aspect Initialized ###
2025-02-07 10:28:24 [http-nio-8080-exec-4] INFO  com.example.jwt.JwtLoggingAspect - Validating JWT: eyJhbGciOi...
2025-02-07 10:28:24 [http-nio-8080-exec-4] INFO  com.example.jwt.JwtLoggingAspect - ✅ JWT is valid
2025-02-07 10:33:15 [http-nio-8080-exec-4] INFO  com.example.jwt.JwtLoggingAspect - ### JWT Logging Aspect Initialized ###
2025-02-07 10:33:15 [http-nio-8080-exec-4] INFO  com.example.jwt.JwtLoggingAspect - Validating JWT: eyJhbGciOi...
2025-02-07 10:33:15 [http-nio-8080-exec-4] INFO  com.example.jwt.JwtLoggingAspect - ✅ JWT is valid
2025-02-07 10:40:23 [http-nio-8080-exec-3] INFO  com.example.jwt.JwtLoggingAspect - ### JWT Logging Aspect Initialized ###
2025-02-07 10:40:23 [http-nio-8080-exec-3] INFO  com.example.jwt.JwtLoggingAspect - Validating JWT: eyJhbGciOi...
2025-02-07 10:40:23 [http-nio-8080-exec-3] INFO  com.example.jwt.JwtLoggingAspect - ✅ JWT is valid
2025-02-07 10:40:34 [http-nio-8080-exec-4] ERROR com.example.jwt.JwtFilter - ❌ Invalid JWT Signature: JWT signature does not match locally computed signature. JWT validity cannot be asserted and should not be trusted.
2025-02-10 19:00:37 [http-nio-8080-exec-5] INFO  com.example.jwt.JwtLoggingAspect - ### JWT Logging Aspect Initialized ###
2025-02-10 19:00:37 [http-nio-8080-exec-5] INFO  com.example.jwt.JwtLoggingAspect - Validating JWT: eyJhbGciOi...
2025-02-10 19:00:37 [http-nio-8080-exec-5] INFO  com.example.jwt.JwtLoggingAspect - ✅ JWT is valid
2025-02-10 19:00:37 [http-nio-8080-exec-6] INFO  com.example.jwt.JwtLoggingAspect - ### JWT Logging Aspect Initialized ###
2025-02-10 19:00:37 [http-nio-8080-exec-6] INFO  com.example.jwt.JwtLoggingAspect - Validating JWT: eyJhbGciOi...
2025-02-10 19:00:37 [http-nio-8080-exec-6] INFO  com.example.jwt.JwtLoggingAspect - ✅ JWT is valid
2025-02-10 19:00:40 [http-nio-8080-exec-8] INFO  com.example.jwt.JwtLoggingAspect - ### JWT Logging Aspect Initialized ###
2025-02-10 19:00:40 [http-nio-8080-exec-8] INFO  com.example.jwt.JwtLoggingAspect - Validating JWT: eyJhbGciOi...
2025-02-10 19:00:40 [http-nio-8080-exec-8] INFO  com.example.jwt.JwtLoggingAspect - ✅ JWT is valid
2025-02-10 19:00:41 [http-nio-8080-exec-2] INFO  com.example.jwt.JwtLoggingAspect - ### JWT Logging Aspect Initialized ###
2025-02-10 19:00:41 [http-nio-8080-exec-2] INFO  com.example.jwt.JwtLoggingAspect - Validating JWT: eyJhbGciOi...
2025-02-10 19:00:41 [http-nio-8080-exec-2] INFO  com.example.jwt.JwtLoggingAspect - ✅ JWT is valid
2025-02-10 19:00:43 [http-nio-8080-exec-5] INFO  com.example.jwt.JwtLoggingAspect - ### JWT Logging Aspect Initialized ###
2025-02-10 19:00:43 [http-nio-8080-exec-5] INFO  com.example.jwt.JwtLoggingAspect - Validating JWT: eyJhbGciOi...
2025-02-10 19:00:43 [http-nio-8080-exec-5] INFO  com.example.jwt.JwtLoggingAspect - ✅ JWT is valid
2025-02-10 19:00:43 [http-nio-8080-exec-6] INFO  com.example.jwt.JwtLoggingAspect - ### JWT Logging Aspect Initialized ###
2025-02-10 19:00:43 [http-nio-8080-exec-6] INFO  com.example.jwt.JwtLoggingAspect - Validating JWT: eyJhbGciOi...
2025-02-10 19:00:43 [http-nio-8080-exec-6] INFO  com.example.jwt.JwtLoggingAspect - ✅ JWT is valid
2025-02-10 19:00:47 [http-nio-8080-exec-10] INFO  com.example.jwt.JwtLoggingAspect - ### JWT Logging Aspect Initialized ###
2025-02-10 19:00:47 [http-nio-8080-exec-10] INFO  com.example.jwt.JwtLoggingAspect - Validating JWT: eyJhbGciOi...
2025-02-10 19:00:47 [http-nio-8080-exec-10] INFO  com.example.jwt.JwtLoggingAspect - ✅ JWT is valid
2025-02-10 19:14:07 [http-nio-8080-exec-2] INFO  com.example.jwt.JwtLoggingAspect - ### JWT Logging Aspect Initialized ###
2025-02-10 19:14:07 [http-nio-8080-exec-2] INFO  com.example.jwt.JwtLoggingAspect - Validating JWT: eyJhbGciOi...
2025-02-10 19:14:07 [http-nio-8080-exec-2] INFO  com.example.jwt.JwtLoggingAspect - ✅ JWT is valid
2025-02-10 19:14:07 [http-nio-8080-exec-3] INFO  com.example.jwt.JwtLoggingAspect - ### JWT Logging Aspect Initialized ###
2025-02-10 19:14:07 [http-nio-8080-exec-3] INFO  com.example.jwt.JwtLoggingAspect - Validating JWT: eyJhbGciOi...
2025-02-10 19:14:07 [http-nio-8080-exec-3] INFO  com.example.jwt.JwtLoggingAspect - ✅ JWT is valid
2025-02-10 19:14:10 [http-nio-8080-exec-6] INFO  com.example.jwt.JwtLoggingAspect - ### JWT Logging Aspect Initialized ###
2025-02-10 19:14:10 [http-nio-8080-exec-6] INFO  com.example.jwt.JwtLoggingAspect - Validating JWT: eyJhbGciOi...
2025-02-10 19:14:10 [http-nio-8080-exec-6] INFO  com.example.jwt.JwtLoggingAspect - ✅ JWT is valid
2025-02-10 19:14:12 [http-nio-8080-exec-7] INFO  com.example.jwt.JwtLoggingAspect - ### JWT Logging Aspect Initialized ###
2025-02-10 19:14:12 [http-nio-8080-exec-7] INFO  com.example.jwt.JwtLoggingAspect - Validating JWT: eyJhbGciOi...
2025-02-10 19:14:12 [http-nio-8080-exec-7] INFO  com.example.jwt.JwtLoggingAspect - ✅ JWT is valid
2025-02-10 19:14:14 [http-nio-8080-exec-9] INFO  com.example.jwt.JwtLoggingAspect - ### JWT Logging Aspect Initialized ###
2025-02-10 19:14:14 [http-nio-8080-exec-9] INFO  com.example.jwt.JwtLoggingAspect - Validating JWT: eyJhbGciOi...
2025-02-10 19:14:14 [http-nio-8080-exec-9] INFO  com.example.jwt.JwtLoggingAspect - ✅ JWT is valid
2025-02-10 19:14:14 [http-nio-8080-exec-10] INFO  com.example.jwt.JwtLoggingAspect - ### JWT Logging Aspect Initialized ###
2025-02-10 19:14:14 [http-nio-8080-exec-10] INFO  com.example.jwt.JwtLoggingAspect - Validating JWT: eyJhbGciOi...
2025-02-10 19:14:14 [http-nio-8080-exec-10] INFO  com.example.jwt.JwtLoggingAspect - ✅ JWT is valid
2025-02-10 19:14:17 [http-nio-8080-exec-2] INFO  com.example.jwt.JwtLoggingAspect - ### JWT Logging Aspect Initialized ###
2025-02-10 19:14:17 [http-nio-8080-exec-2] INFO  com.example.jwt.JwtLoggingAspect - Validating JWT: eyJhbGciOi...
2025-02-10 19:14:17 [http-nio-8080-exec-2] INFO  com.example.jwt.JwtLoggingAspect - ✅ JWT is valid
2025-02-10 19:14:47 [http-nio-8080-exec-5] INFO  com.example.jwt.JwtLoggingAspect - ### JWT Logging Aspect Initialized ###
2025-02-10 19:14:47 [http-nio-8080-exec-5] INFO  com.example.jwt.JwtLoggingAspect - Validating JWT: eyJhbGciOi...
2025-02-10 19:14:47 [http-nio-8080-exec-5] INFO  com.example.jwt.JwtLoggingAspect - ✅ JWT is valid
2025-02-10 19:20:21 [http-nio-8080-exec-3] INFO  com.example.jwt.JwtLoggingAspect - ### JWT Logging Aspect Initialized ###
2025-02-10 19:20:21 [http-nio-8080-exec-3] INFO  com.example.jwt.JwtLoggingAspect - Validating JWT: eyJhbGciOi...
2025-02-10 19:20:21 [http-nio-8080-exec-3] INFO  com.example.jwt.JwtLoggingAspect - ✅ JWT is valid
2025-02-10 19:20:21 [http-nio-8080-exec-5] INFO  com.example.jwt.JwtLoggingAspect - ### JWT Logging Aspect Initialized ###
2025-02-10 19:20:21 [http-nio-8080-exec-5] INFO  com.example.jwt.JwtLoggingAspect - Validating JWT: eyJhbGciOi...
2025-02-10 19:20:21 [http-nio-8080-exec-5] INFO  com.example.jwt.JwtLoggingAspect - ✅ JWT is valid
2025-02-10 19:20:23 [http-nio-8080-exec-6] INFO  com.example.jwt.JwtLoggingAspect - ### JWT Logging Aspect Initialized ###
2025-02-10 19:20:23 [http-nio-8080-exec-6] INFO  com.example.jwt.JwtLoggingAspect - Validating JWT: eyJhbGciOi...
2025-02-10 19:20:23 [http-nio-8080-exec-6] INFO  com.example.jwt.JwtLoggingAspect - ✅ JWT is valid
2025-02-10 19:20:25 [http-nio-8080-exec-9] INFO  com.example.jwt.JwtLoggingAspect - ### JWT Logging Aspect Initialized ###
2025-02-10 19:20:25 [http-nio-8080-exec-9] INFO  com.example.jwt.JwtLoggingAspect - Validating JWT: eyJhbGciOi...
2025-02-10 19:20:25 [http-nio-8080-exec-9] INFO  com.example.jwt.JwtLoggingAspect - ✅ JWT is valid
2025-02-10 19:20:27 [http-nio-8080-exec-10] INFO  com.example.jwt.JwtLoggingAspect - ### JWT Logging Aspect Initialized ###
2025-02-10 19:20:27 [http-nio-8080-exec-10] INFO  com.example.jwt.JwtLoggingAspect - Validating JWT: eyJhbGciOi...
2025-02-10 19:20:27 [http-nio-8080-exec-10] INFO  com.example.jwt.JwtLoggingAspect - ✅ JWT is valid
2025-02-10 19:20:27 [http-nio-8080-exec-1] INFO  com.example.jwt.JwtLoggingAspect - ### JWT Logging Aspect Initialized ###
2025-02-10 19:20:27 [http-nio-8080-exec-1] INFO  com.example.jwt.JwtLoggingAspect - Validating JWT: eyJhbGciOi...
2025-02-10 19:20:27 [http-nio-8080-exec-1] INFO  com.example.jwt.JwtLoggingAspect - ✅ JWT is valid
2025-02-10 19:20:30 [http-nio-8080-exec-3] INFO  com.example.jwt.JwtLoggingAspect - ### JWT Logging Aspect Initialized ###
2025-02-10 19:20:30 [http-nio-8080-exec-3] INFO  com.example.jwt.JwtLoggingAspect - Validating JWT: eyJhbGciOi...
2025-02-10 19:20:30 [http-nio-8080-exec-3] INFO  com.example.jwt.JwtLoggingAspect - ✅ JWT is valid
2025-02-10 19:20:53 [http-nio-8080-exec-6] INFO  com.example.jwt.JwtLoggingAspect - ### JWT Logging Aspect Initialized ###
2025-02-10 19:20:53 [http-nio-8080-exec-6] INFO  com.example.jwt.JwtLoggingAspect - Validating JWT: eyJhbGciOi...
2025-02-10 19:20:53 [http-nio-8080-exec-6] INFO  com.example.jwt.JwtLoggingAspect - ✅ JWT is valid
2025-02-10 19:33:44 [http-nio-8080-exec-5] INFO  com.example.jwt.JwtLoggingAspect - ### JWT Logging Aspect Initialized ###
2025-02-10 19:33:44 [http-nio-8080-exec-5] INFO  com.example.jwt.JwtLoggingAspect - Validating JWT: eyJhbGciOi...
2025-02-10 19:33:44 [http-nio-8080-exec-5] INFO  com.example.jwt.JwtLoggingAspect - ✅ JWT is valid
2025-02-10 19:33:44 [http-nio-8080-exec-6] INFO  com.example.jwt.JwtLoggingAspect - ### JWT Logging Aspect Initialized ###
2025-02-10 19:33:44 [http-nio-8080-exec-6] INFO  com.example.jwt.JwtLoggingAspect - Validating JWT: eyJhbGciOi...
2025-02-10 19:33:44 [http-nio-8080-exec-6] INFO  com.example.jwt.JwtLoggingAspect - ✅ JWT is valid
2025-02-10 19:33:47 [http-nio-8080-exec-8] INFO  com.example.jwt.JwtLoggingAspect - ### JWT Logging Aspect Initialized ###
2025-02-10 19:33:47 [http-nio-8080-exec-8] INFO  com.example.jwt.JwtLoggingAspect - Validating JWT: eyJhbGciOi...
2025-02-10 19:33:47 [http-nio-8080-exec-8] INFO  com.example.jwt.JwtLoggingAspect - ✅ JWT is valid
2025-02-10 19:33:49 [http-nio-8080-exec-10] INFO  com.example.jwt.JwtLoggingAspect - ### JWT Logging Aspect Initialized ###
2025-02-10 19:33:49 [http-nio-8080-exec-10] INFO  com.example.jwt.JwtLoggingAspect - Validating JWT: eyJhbGciOi...
2025-02-10 19:33:49 [http-nio-8080-exec-10] INFO  com.example.jwt.JwtLoggingAspect - ✅ JWT is valid
2025-02-10 19:33:51 [http-nio-8080-exec-3] INFO  com.example.jwt.JwtLoggingAspect - ### JWT Logging Aspect Initialized ###
2025-02-10 19:33:51 [http-nio-8080-exec-3] INFO  com.example.jwt.JwtLoggingAspect - Validating JWT: eyJhbGciOi...
2025-02-10 19:33:51 [http-nio-8080-exec-3] INFO  com.example.jwt.JwtLoggingAspect - ✅ JWT is valid
2025-02-10 19:33:51 [http-nio-8080-exec-4] INFO  com.example.jwt.JwtLoggingAspect - ### JWT Logging Aspect Initialized ###
2025-02-10 19:33:51 [http-nio-8080-exec-4] INFO  com.example.jwt.JwtLoggingAspect - Validating JWT: eyJhbGciOi...
2025-02-10 19:33:51 [http-nio-8080-exec-4] INFO  com.example.jwt.JwtLoggingAspect - ✅ JWT is valid
2025-02-10 19:34:19 [http-nio-8080-exec-5] INFO  com.example.jwt.JwtLoggingAspect - ### JWT Logging Aspect Initialized ###
2025-02-10 19:34:19 [http-nio-8080-exec-5] INFO  com.example.jwt.JwtLoggingAspect - Validating JWT: eyJhbGciOi...
2025-02-10 19:34:19 [http-nio-8080-exec-5] INFO  com.example.jwt.JwtLoggingAspect - ✅ JWT is valid
2025-02-10 19:45:14 [http-nio-8080-exec-2] INFO  com.example.jwt.JwtLoggingAspect - ### JWT Logging Aspect Initialized ###
2025-02-10 19:45:14 [http-nio-8080-exec-2] INFO  com.example.jwt.JwtLoggingAspect - Validating JWT: eyJhbGciOi...
2025-02-10 19:45:14 [http-nio-8080-exec-2] INFO  com.example.jwt.JwtLoggingAspect - ✅ JWT is valid
2025-02-10 19:45:14 [http-nio-8080-exec-3] INFO  com.example.jwt.JwtLoggingAspect - ### JWT Logging Aspect Initialized ###
2025-02-10 19:45:14 [http-nio-8080-exec-3] INFO  com.example.jwt.JwtLoggingAspect - Validating JWT: eyJhbGciOi...
2025-02-10 19:45:14 [http-nio-8080-exec-3] INFO  com.example.jwt.JwtLoggingAspect - ✅ JWT is valid
2025-02-10 19:45:17 [http-nio-8080-exec-6] INFO  com.example.jwt.JwtLoggingAspect - ### JWT Logging Aspect Initialized ###
2025-02-10 19:45:17 [http-nio-8080-exec-6] INFO  com.example.jwt.JwtLoggingAspect - Validating JWT: eyJhbGciOi...
2025-02-10 19:45:17 [http-nio-8080-exec-6] INFO  com.example.jwt.JwtLoggingAspect - ✅ JWT is valid
2025-02-10 19:45:21 [http-nio-8080-exec-8] INFO  com.example.jwt.JwtLoggingAspect - ### JWT Logging Aspect Initialized ###
2025-02-10 19:45:21 [http-nio-8080-exec-8] INFO  com.example.jwt.JwtLoggingAspect - Validating JWT: eyJhbGciOi...
2025-02-10 19:45:21 [http-nio-8080-exec-8] INFO  com.example.jwt.JwtLoggingAspect - ✅ JWT is valid
2025-02-10 19:45:24 [http-nio-8080-exec-9] INFO  com.example.jwt.JwtLoggingAspect - ### JWT Logging Aspect Initialized ###
2025-02-10 19:45:24 [http-nio-8080-exec-9] INFO  com.example.jwt.JwtLoggingAspect - Validating JWT: eyJhbGciOi...
2025-02-10 19:45:24 [http-nio-8080-exec-9] INFO  com.example.jwt.JwtLoggingAspect - ✅ JWT is valid
2025-02-10 19:45:24 [http-nio-8080-exec-10] INFO  com.example.jwt.JwtLoggingAspect - ### JWT Logging Aspect Initialized ###
2025-02-10 19:45:24 [http-nio-8080-exec-10] INFO  com.example.jwt.JwtLoggingAspect - Validating JWT: eyJhbGciOi...
2025-02-10 19:45:24 [http-nio-8080-exec-10] INFO  com.example.jwt.JwtLoggingAspect - ✅ JWT is valid
2025-02-10 19:48:51 [http-nio-8080-exec-8] INFO  com.example.jwt.JwtLoggingAspect - ### JWT Logging Aspect Initialized ###
2025-02-10 19:48:51 [http-nio-8080-exec-8] INFO  com.example.jwt.JwtLoggingAspect - Validating JWT: eyJhbGciOi...
2025-02-10 19:48:51 [http-nio-8080-exec-8] INFO  com.example.jwt.JwtLoggingAspect - ✅ JWT is valid
2025-02-10 19:48:51 [http-nio-8080-exec-9] INFO  com.example.jwt.JwtLoggingAspect - ### JWT Logging Aspect Initialized ###
2025-02-10 19:48:51 [http-nio-8080-exec-9] INFO  com.example.jwt.JwtLoggingAspect - Validating JWT: eyJhbGciOi...
2025-02-10 19:48:51 [http-nio-8080-exec-9] INFO  com.example.jwt.JwtLoggingAspect - ✅ JWT is valid
2025-02-10 19:48:53 [http-nio-8080-exec-10] INFO  com.example.jwt.JwtLoggingAspect - ### JWT Logging Aspect Initialized ###
2025-02-10 19:48:53 [http-nio-8080-exec-10] INFO  com.example.jwt.JwtLoggingAspect - Validating JWT: eyJhbGciOi...
2025-02-10 19:48:53 [http-nio-8080-exec-10] INFO  com.example.jwt.JwtLoggingAspect - ✅ JWT is valid
2025-02-10 19:48:57 [http-nio-8080-exec-3] INFO  com.example.jwt.JwtLoggingAspect - ### JWT Logging Aspect Initialized ###
2025-02-10 19:48:57 [http-nio-8080-exec-3] INFO  com.example.jwt.JwtLoggingAspect - Validating JWT: eyJhbGciOi...
2025-02-10 19:48:57 [http-nio-8080-exec-3] INFO  com.example.jwt.JwtLoggingAspect - ✅ JWT is valid
2025-02-10 19:48:59 [http-nio-8080-exec-5] INFO  com.example.jwt.JwtLoggingAspect - ### JWT Logging Aspect Initialized ###
2025-02-10 19:48:59 [http-nio-8080-exec-5] INFO  com.example.jwt.JwtLoggingAspect - Validating JWT: eyJhbGciOi...
2025-02-10 19:48:59 [http-nio-8080-exec-5] INFO  com.example.jwt.JwtLoggingAspect - ✅ JWT is valid
2025-02-10 19:48:59 [http-nio-8080-exec-4] INFO  com.example.jwt.JwtLoggingAspect - ### JWT Logging Aspect Initialized ###
2025-02-10 19:48:59 [http-nio-8080-exec-4] INFO  com.example.jwt.JwtLoggingAspect - Validating JWT: eyJhbGciOi...
2025-02-10 19:48:59 [http-nio-8080-exec-4] INFO  com.example.jwt.JwtLoggingAspect - ✅ JWT is valid
2025-02-10 19:52:57 [http-nio-8080-exec-10] INFO  com.example.jwt.JwtLoggingAspect - ### JWT Logging Aspect Initialized ###
2025-02-10 19:52:57 [http-nio-8080-exec-10] INFO  com.example.jwt.JwtLoggingAspect - Validating JWT: eyJhbGciOi...
2025-02-10 19:52:57 [http-nio-8080-exec-10] INFO  com.example.jwt.JwtLoggingAspect - ✅ JWT is valid
2025-02-10 19:52:57 [http-nio-8080-exec-1] INFO  com.example.jwt.JwtLoggingAspect - ### JWT Logging Aspect Initialized ###
2025-02-10 19:52:57 [http-nio-8080-exec-1] INFO  com.example.jwt.JwtLoggingAspect - Validating JWT: eyJhbGciOi...
2025-02-10 19:52:57 [http-nio-8080-exec-1] INFO  com.example.jwt.JwtLoggingAspect - ✅ JWT is valid
2025-02-10 19:53:01 [http-nio-8080-exec-5] INFO  com.example.jwt.JwtLoggingAspect - ### JWT Logging Aspect Initialized ###
2025-02-10 19:53:01 [http-nio-8080-exec-5] INFO  com.example.jwt.JwtLoggingAspect - Validating JWT: eyJhbGciOi...
2025-02-10 19:53:01 [http-nio-8080-exec-5] INFO  com.example.jwt.JwtLoggingAspect - ✅ JWT is valid
2025-02-10 19:53:03 [http-nio-8080-exec-4] INFO  com.example.jwt.JwtLoggingAspect - ### JWT Logging Aspect Initialized ###
2025-02-10 19:53:03 [http-nio-8080-exec-4] INFO  com.example.jwt.JwtLoggingAspect - Validating JWT: eyJhbGciOi...
2025-02-10 19:53:03 [http-nio-8080-exec-4] INFO  com.example.jwt.JwtLoggingAspect - ✅ JWT is valid
2025-02-10 19:53:05 [http-nio-8080-exec-7] INFO  com.example.jwt.JwtLoggingAspect - ### JWT Logging Aspect Initialized ###
2025-02-10 19:53:05 [http-nio-8080-exec-7] INFO  com.example.jwt.JwtLoggingAspect - Validating JWT: eyJhbGciOi...
2025-02-10 19:53:05 [http-nio-8080-exec-7] INFO  com.example.jwt.JwtLoggingAspect - ✅ JWT is valid
2025-02-10 19:53:05 [http-nio-8080-exec-8] INFO  com.example.jwt.JwtLoggingAspect - ### JWT Logging Aspect Initialized ###
2025-02-10 19:53:05 [http-nio-8080-exec-8] INFO  com.example.jwt.JwtLoggingAspect - Validating JWT: eyJhbGciOi...
2025-02-10 19:53:05 [http-nio-8080-exec-8] INFO  com.example.jwt.JwtLoggingAspect - ✅ JWT is valid
2025-02-10 19:53:32 [http-nio-8080-exec-3] INFO  com.example.jwt.JwtLoggingAspect - ### JWT Logging Aspect Initialized ###
2025-02-10 19:53:32 [http-nio-8080-exec-3] INFO  com.example.jwt.JwtLoggingAspect - Validating JWT: eyJhbGciOi...
2025-02-10 19:53:32 [http-nio-8080-exec-3] INFO  com.example.jwt.JwtLoggingAspect - ✅ JWT is valid
2025-02-10 19:56:28 [http-nio-8080-exec-2] INFO  com.example.jwt.JwtLoggingAspect - ### JWT Logging Aspect Initialized ###
2025-02-10 19:56:28 [http-nio-8080-exec-2] INFO  com.example.jwt.JwtLoggingAspect - Validating JWT: eyJhbGciOi...
2025-02-10 19:56:28 [http-nio-8080-exec-2] INFO  com.example.jwt.JwtLoggingAspect - ✅ JWT is valid
2025-02-10 19:56:28 [http-nio-8080-exec-3] INFO  com.example.jwt.JwtLoggingAspect - ### JWT Logging Aspect Initialized ###
2025-02-10 19:56:28 [http-nio-8080-exec-3] INFO  com.example.jwt.JwtLoggingAspect - Validating JWT: eyJhbGciOi...
2025-02-10 19:56:28 [http-nio-8080-exec-3] INFO  com.example.jwt.JwtLoggingAspect - ✅ JWT is valid
2025-02-10 19:56:31 [http-nio-8080-exec-6] INFO  com.example.jwt.JwtLoggingAspect - ### JWT Logging Aspect Initialized ###
2025-02-10 19:56:31 [http-nio-8080-exec-6] INFO  com.example.jwt.JwtLoggingAspect - Validating JWT: eyJhbGciOi...
2025-02-10 19:56:31 [http-nio-8080-exec-6] INFO  com.example.jwt.JwtLoggingAspect - ✅ JWT is valid
2025-02-10 19:56:33 [http-nio-8080-exec-7] INFO  com.example.jwt.JwtLoggingAspect - ### JWT Logging Aspect Initialized ###
2025-02-10 19:56:33 [http-nio-8080-exec-7] INFO  com.example.jwt.JwtLoggingAspect - Validating JWT: eyJhbGciOi...
2025-02-10 19:56:33 [http-nio-8080-exec-7] INFO  com.example.jwt.JwtLoggingAspect - ✅ JWT is valid
2025-02-10 19:56:36 [http-nio-8080-exec-9] INFO  com.example.jwt.JwtLoggingAspect - ### JWT Logging Aspect Initialized ###
2025-02-10 19:56:36 [http-nio-8080-exec-9] INFO  com.example.jwt.JwtLoggingAspect - Validating JWT: eyJhbGciOi...
2025-02-10 19:56:36 [http-nio-8080-exec-9] INFO  com.example.jwt.JwtLoggingAspect - ✅ JWT is valid
2025-02-10 19:56:36 [http-nio-8080-exec-10] INFO  com.example.jwt.JwtLoggingAspect - ### JWT Logging Aspect Initialized ###
2025-02-10 19:56:36 [http-nio-8080-exec-10] INFO  com.example.jwt.JwtLoggingAspect - Validating JWT: eyJhbGciOi...
2025-02-10 19:56:36 [http-nio-8080-exec-10] INFO  com.example.jwt.JwtLoggingAspect - ✅ JWT is valid
2025-02-10 19:57:07 [http-nio-8080-exec-3] INFO  com.example.jwt.JwtLoggingAspect - ### JWT Logging Aspect Initialized ###
2025-02-10 19:57:07 [http-nio-8080-exec-3] INFO  com.example.jwt.JwtLoggingAspect - Validating JWT: eyJhbGciOi...
2025-02-10 19:57:07 [http-nio-8080-exec-3] INFO  com.example.jwt.JwtLoggingAspect - ✅ JWT is valid
2025-02-10 19:59:01 [http-nio-8080-exec-4] INFO  com.example.jwt.JwtLoggingAspect - ### JWT Logging Aspect Initialized ###
2025-02-10 19:59:01 [http-nio-8080-exec-4] INFO  com.example.jwt.JwtLoggingAspect - Validating JWT: eyJhbGciOi...
2025-02-10 19:59:01 [http-nio-8080-exec-4] INFO  com.example.jwt.JwtLoggingAspect - ✅ JWT is valid
2025-02-10 19:59:01 [http-nio-8080-exec-5] INFO  com.example.jwt.JwtLoggingAspect - ### JWT Logging Aspect Initialized ###
2025-02-10 19:59:01 [http-nio-8080-exec-5] INFO  com.example.jwt.JwtLoggingAspect - Validating JWT: eyJhbGciOi...
2025-02-10 19:59:01 [http-nio-8080-exec-5] INFO  com.example.jwt.JwtLoggingAspect - ✅ JWT is valid
2025-02-10 20:02:26 [http-nio-8080-exec-3] INFO  com.example.jwt.JwtLoggingAspect - ### JWT Logging Aspect Initialized ###
2025-02-10 20:02:26 [http-nio-8080-exec-3] INFO  com.example.jwt.JwtLoggingAspect - Validating JWT: eyJhbGciOi...
2025-02-10 20:02:26 [http-nio-8080-exec-3] INFO  com.example.jwt.JwtLoggingAspect - ✅ JWT is valid
2025-02-10 20:02:26 [http-nio-8080-exec-2] INFO  com.example.jwt.JwtLoggingAspect - ### JWT Logging Aspect Initialized ###
2025-02-10 20:02:26 [http-nio-8080-exec-2] INFO  com.example.jwt.JwtLoggingAspect - Validating JWT: eyJhbGciOi...
2025-02-10 20:02:26 [http-nio-8080-exec-2] INFO  com.example.jwt.JwtLoggingAspect - ✅ JWT is valid
2025-02-10 20:02:51 [http-nio-8080-exec-4] INFO  com.example.jwt.JwtLoggingAspect - ### JWT Logging Aspect Initialized ###
2025-02-10 20:02:51 [http-nio-8080-exec-4] INFO  com.example.jwt.JwtLoggingAspect - Validating JWT: eyJhbGciOi...
2025-02-10 20:02:51 [http-nio-8080-exec-4] INFO  com.example.jwt.JwtLoggingAspect - ✅ JWT is valid
2025-02-10 20:02:55 [http-nio-8080-exec-5] INFO  com.example.jwt.JwtLoggingAspect - ### JWT Logging Aspect Initialized ###
2025-02-10 20:02:55 [http-nio-8080-exec-5] INFO  com.example.jwt.JwtLoggingAspect - Validating JWT: eyJhbGciOi...
2025-02-10 20:02:55 [http-nio-8080-exec-5] INFO  com.example.jwt.JwtLoggingAspect - ✅ JWT is valid
2025-02-10 20:03:01 [http-nio-8080-exec-6] INFO  com.example.jwt.JwtLoggingAspect - ### JWT Logging Aspect Initialized ###
2025-02-10 20:03:01 [http-nio-8080-exec-6] INFO  com.example.jwt.JwtLoggingAspect - Validating JWT: eyJhbGciOi...
2025-02-10 20:03:01 [http-nio-8080-exec-6] INFO  com.example.jwt.JwtLoggingAspect - ✅ JWT is valid
2025-02-10 20:03:01 [http-nio-8080-exec-6] INFO  com.example.jwt.JwtLoggingAspect - ### JWT Logging Aspect Initialized ###
2025-02-10 20:03:01 [http-nio-8080-exec-6] INFO  com.example.jwt.JwtLoggingAspect - Validating JWT: eyJhbGciOi...
2025-02-10 20:03:01 [http-nio-8080-exec-6] INFO  com.example.jwt.JwtLoggingAspect - ✅ JWT is valid
2025-02-10 20:03:50 [http-nio-8080-exec-8] INFO  com.example.jwt.JwtLoggingAspect - ### JWT Logging Aspect Initialized ###
2025-02-10 20:03:50 [http-nio-8080-exec-8] INFO  com.example.jwt.JwtLoggingAspect - Validating JWT: eyJhbGciOi...
2025-02-10 20:03:50 [http-nio-8080-exec-8] INFO  com.example.jwt.JwtLoggingAspect - ✅ JWT is valid
2025-02-10 20:10:49 [http-nio-8080-exec-4] INFO  com.example.jwt.JwtLoggingAspect - ### JWT Logging Aspect Initialized ###
2025-02-10 20:10:49 [http-nio-8080-exec-4] INFO  com.example.jwt.JwtLoggingAspect - Validating JWT: eyJhbGciOi...
2025-02-10 20:10:49 [http-nio-8080-exec-4] INFO  com.example.jwt.JwtLoggingAspect - ✅ JWT is valid
2025-02-10 20:10:49 [http-nio-8080-exec-5] INFO  com.example.jwt.JwtLoggingAspect - ### JWT Logging Aspect Initialized ###
2025-02-10 20:10:49 [http-nio-8080-exec-5] INFO  com.example.jwt.JwtLoggingAspect - Validating JWT: eyJhbGciOi...
2025-02-10 20:10:49 [http-nio-8080-exec-5] INFO  com.example.jwt.JwtLoggingAspect - ✅ JWT is valid
2025-02-10 20:10:53 [http-nio-8080-exec-9] INFO  com.example.jwt.JwtLoggingAspect - ### JWT Logging Aspect Initialized ###
2025-02-10 20:10:53 [http-nio-8080-exec-9] INFO  com.example.jwt.JwtLoggingAspect - Validating JWT: eyJhbGciOi...
2025-02-10 20:10:53 [http-nio-8080-exec-9] INFO  com.example.jwt.JwtLoggingAspect - ✅ JWT is valid
2025-02-10 20:10:57 [http-nio-8080-exec-1] INFO  com.example.jwt.JwtLoggingAspect - ### JWT Logging Aspect Initialized ###
2025-02-10 20:10:57 [http-nio-8080-exec-1] INFO  com.example.jwt.JwtLoggingAspect - Validating JWT: eyJhbGciOi...
2025-02-10 20:10:57 [http-nio-8080-exec-1] INFO  com.example.jwt.JwtLoggingAspect - ✅ JWT is valid
2025-02-10 20:10:59 [http-nio-8080-exec-5] INFO  com.example.jwt.JwtLoggingAspect - ### JWT Logging Aspect Initialized ###
2025-02-10 20:10:59 [http-nio-8080-exec-5] INFO  com.example.jwt.JwtLoggingAspect - Validating JWT: eyJhbGciOi...
2025-02-10 20:10:59 [http-nio-8080-exec-5] INFO  com.example.jwt.JwtLoggingAspect - ✅ JWT is valid
2025-02-10 20:10:59 [http-nio-8080-exec-7] INFO  com.example.jwt.JwtLoggingAspect - ### JWT Logging Aspect Initialized ###
2025-02-10 20:10:59 [http-nio-8080-exec-7] INFO  com.example.jwt.JwtLoggingAspect - Validating JWT: eyJhbGciOi...
2025-02-10 20:10:59 [http-nio-8080-exec-7] INFO  com.example.jwt.JwtLoggingAspect - ✅ JWT is valid
2025-02-10 20:11:26 [http-nio-8080-exec-9] INFO  com.example.jwt.JwtLoggingAspect - ### JWT Logging Aspect Initialized ###
2025-02-10 20:11:26 [http-nio-8080-exec-9] INFO  com.example.jwt.JwtLoggingAspect - Validating JWT: eyJhbGciOi...
2025-02-10 20:11:26 [http-nio-8080-exec-9] INFO  com.example.jwt.JwtLoggingAspect - ✅ JWT is valid
2025-02-10 20:14:56 [http-nio-8080-exec-7] INFO  com.example.jwt.JwtLoggingAspect - ### JWT Logging Aspect Initialized ###
2025-02-10 20:14:56 [http-nio-8080-exec-7] INFO  com.example.jwt.JwtLoggingAspect - Validating JWT: eyJhbGciOi...
2025-02-10 20:14:56 [http-nio-8080-exec-7] INFO  com.example.jwt.JwtLoggingAspect - ✅ JWT is valid
2025-02-10 20:14:56 [http-nio-8080-exec-8] INFO  com.example.jwt.JwtLoggingAspect - ### JWT Logging Aspect Initialized ###
2025-02-10 20:14:56 [http-nio-8080-exec-8] INFO  com.example.jwt.JwtLoggingAspect - Validating JWT: eyJhbGciOi...
2025-02-10 20:14:56 [http-nio-8080-exec-8] INFO  com.example.jwt.JwtLoggingAspect - ✅ JWT is valid
2025-02-10 20:15:00 [http-nio-8080-exec-10] INFO  com.example.jwt.JwtLoggingAspect - ### JWT Logging Aspect Initialized ###
2025-02-10 20:15:00 [http-nio-8080-exec-10] INFO  com.example.jwt.JwtLoggingAspect - Validating JWT: eyJhbGciOi...
2025-02-10 20:15:00 [http-nio-8080-exec-10] INFO  com.example.jwt.JwtLoggingAspect - ✅ JWT is valid
2025-02-10 20:15:02 [http-nio-8080-exec-1] INFO  com.example.jwt.JwtLoggingAspect - ### JWT Logging Aspect Initialized ###
2025-02-10 20:15:02 [http-nio-8080-exec-1] INFO  com.example.jwt.JwtLoggingAspect - Validating JWT: eyJhbGciOi...
2025-02-10 20:15:02 [http-nio-8080-exec-1] INFO  com.example.jwt.JwtLoggingAspect - ✅ JWT is valid
2025-02-10 20:15:04 [http-nio-8080-exec-2] INFO  com.example.jwt.JwtLoggingAspect - ### JWT Logging Aspect Initialized ###
2025-02-10 20:15:04 [http-nio-8080-exec-2] INFO  com.example.jwt.JwtLoggingAspect - Validating JWT: eyJhbGciOi...
2025-02-10 20:15:04 [http-nio-8080-exec-2] INFO  com.example.jwt.JwtLoggingAspect - ✅ JWT is valid
2025-02-10 20:15:04 [http-nio-8080-exec-4] INFO  com.example.jwt.JwtLoggingAspect - ### JWT Logging Aspect Initialized ###
2025-02-10 20:15:04 [http-nio-8080-exec-4] INFO  com.example.jwt.JwtLoggingAspect - Validating JWT: eyJhbGciOi...
2025-02-10 20:15:04 [http-nio-8080-exec-4] INFO  com.example.jwt.JwtLoggingAspect - ✅ JWT is valid
2025-02-10 20:15:32 [http-nio-8080-exec-8] INFO  com.example.jwt.JwtLoggingAspect - ### JWT Logging Aspect Initialized ###
2025-02-10 20:15:32 [http-nio-8080-exec-8] INFO  com.example.jwt.JwtLoggingAspect - Validating JWT: eyJhbGciOi...
2025-02-10 20:15:32 [http-nio-8080-exec-8] INFO  com.example.jwt.JwtLoggingAspect - ✅ JWT is valid
2025-02-10 20:15:54 [http-nio-8080-exec-9] INFO  com.example.jwt.JwtLoggingAspect - ### JWT Logging Aspect Initialized ###
2025-02-10 20:15:54 [http-nio-8080-exec-9] INFO  com.example.jwt.JwtLoggingAspect - Validating JWT: eyJhbGciOi...
2025-02-10 20:15:54 [http-nio-8080-exec-9] INFO  com.example.jwt.JwtLoggingAspect - ✅ JWT is valid
2025-02-10 20:15:54 [http-nio-8080-exec-10] INFO  com.example.jwt.JwtLoggingAspect - ### JWT Logging Aspect Initialized ###
2025-02-10 20:15:54 [http-nio-8080-exec-10] INFO  com.example.jwt.JwtLoggingAspect - Validating JWT: eyJhbGciOi...
2025-02-10 20:15:54 [http-nio-8080-exec-10] INFO  com.example.jwt.JwtLoggingAspect - ✅ JWT is valid
2025-02-10 20:16:18 [http-nio-8080-exec-4] INFO  com.example.jwt.JwtLoggingAspect - ### JWT Logging Aspect Initialized ###
2025-02-10 20:16:18 [http-nio-8080-exec-4] INFO  com.example.jwt.JwtLoggingAspect - Validating JWT: eyJhbGciOi...
2025-02-10 20:16:18 [http-nio-8080-exec-4] INFO  com.example.jwt.JwtLoggingAspect - ✅ JWT is valid
2025-02-10 20:16:18 [http-nio-8080-exec-7] INFO  com.example.jwt.JwtLoggingAspect - ### JWT Logging Aspect Initialized ###
2025-02-10 20:16:18 [http-nio-8080-exec-7] INFO  com.example.jwt.JwtLoggingAspect - Validating JWT: eyJhbGciOi...
2025-02-10 20:16:18 [http-nio-8080-exec-7] INFO  com.example.jwt.JwtLoggingAspect - ✅ JWT is valid
2025-02-10 20:16:21 [http-nio-8080-exec-6] INFO  com.example.jwt.JwtLoggingAspect - ### JWT Logging Aspect Initialized ###
2025-02-10 20:16:21 [http-nio-8080-exec-6] INFO  com.example.jwt.JwtLoggingAspect - Validating JWT: eyJhbGciOi...
2025-02-10 20:16:21 [http-nio-8080-exec-6] INFO  com.example.jwt.JwtLoggingAspect - ✅ JWT is valid
2025-02-10 20:16:24 [http-nio-8080-exec-10] INFO  com.example.jwt.JwtLoggingAspect - ### JWT Logging Aspect Initialized ###
2025-02-10 20:16:24 [http-nio-8080-exec-10] INFO  com.example.jwt.JwtLoggingAspect - Validating JWT: eyJhbGciOi...
2025-02-10 20:16:24 [http-nio-8080-exec-10] INFO  com.example.jwt.JwtLoggingAspect - ✅ JWT is valid
2025-02-10 20:16:26 [http-nio-8080-exec-1] INFO  com.example.jwt.JwtLoggingAspect - ### JWT Logging Aspect Initialized ###
2025-02-10 20:16:26 [http-nio-8080-exec-1] INFO  com.example.jwt.JwtLoggingAspect - Validating JWT: eyJhbGciOi...
2025-02-10 20:16:26 [http-nio-8080-exec-1] INFO  com.example.jwt.JwtLoggingAspect - ✅ JWT is valid
2025-02-10 20:16:26 [http-nio-8080-exec-3] INFO  com.example.jwt.JwtLoggingAspect - ### JWT Logging Aspect Initialized ###
2025-02-10 20:16:26 [http-nio-8080-exec-3] INFO  com.example.jwt.JwtLoggingAspect - Validating JWT: eyJhbGciOi...
2025-02-10 20:16:26 [http-nio-8080-exec-3] INFO  com.example.jwt.JwtLoggingAspect - ✅ JWT is valid
2025-02-10 20:17:01 [http-nio-8080-exec-7] INFO  com.example.jwt.JwtLoggingAspect - ### JWT Logging Aspect Initialized ###
2025-02-10 20:17:01 [http-nio-8080-exec-7] INFO  com.example.jwt.JwtLoggingAspect - Validating JWT: eyJhbGciOi...
2025-02-10 20:17:01 [http-nio-8080-exec-7] INFO  com.example.jwt.JwtLoggingAspect - ✅ JWT is valid
2025-02-10 21:51:54 [http-nio-8080-exec-4] INFO  com.example.jwt.JwtLoggingAspect - ### JWT Logging Aspect Initialized ###
2025-02-10 21:51:54 [http-nio-8080-exec-4] INFO  com.example.jwt.JwtLoggingAspect - Validating JWT: eyJhbGciOi...
2025-02-10 21:51:54 [http-nio-8080-exec-4] INFO  com.example.jwt.JwtLoggingAspect - ✅ JWT is valid
2025-02-10 21:51:54 [http-nio-8080-exec-4] INFO  com.example.jwt.JwtLoggingAspect - ### JWT Logging Aspect Initialized ###
2025-02-10 21:51:54 [http-nio-8080-exec-4] INFO  com.example.jwt.JwtLoggingAspect - Validating JWT: eyJhbGciOi...
2025-02-10 21:51:54 [http-nio-8080-exec-4] INFO  com.example.jwt.JwtLoggingAspect - ✅ JWT is valid
2025-02-10 21:51:57 [http-nio-8080-exec-5] INFO  com.example.jwt.JwtLoggingAspect - ### JWT Logging Aspect Initialized ###
2025-02-10 21:51:57 [http-nio-8080-exec-5] INFO  com.example.jwt.JwtLoggingAspect - Validating JWT: eyJhbGciOi...
2025-02-10 21:51:57 [http-nio-8080-exec-5] INFO  com.example.jwt.JwtLoggingAspect - ✅ JWT is valid
2025-02-10 21:51:59 [http-nio-8080-exec-9] INFO  com.example.jwt.JwtLoggingAspect - ### JWT Logging Aspect Initialized ###
2025-02-10 21:51:59 [http-nio-8080-exec-9] INFO  com.example.jwt.JwtLoggingAspect - Validating JWT: eyJhbGciOi...
2025-02-10 21:51:59 [http-nio-8080-exec-9] INFO  com.example.jwt.JwtLoggingAspect - ✅ JWT is valid
2025-02-10 21:52:01 [http-nio-8080-exec-7] INFO  com.example.jwt.JwtLoggingAspect - ### JWT Logging Aspect Initialized ###
2025-02-10 21:52:01 [http-nio-8080-exec-7] INFO  com.example.jwt.JwtLoggingAspect - Validating JWT: eyJhbGciOi...
2025-02-10 21:52:01 [http-nio-8080-exec-7] INFO  com.example.jwt.JwtLoggingAspect - ✅ JWT is valid
2025-02-10 21:52:01 [http-nio-8080-exec-7] INFO  com.example.jwt.JwtLoggingAspect - ### JWT Logging Aspect Initialized ###
2025-02-10 21:52:01 [http-nio-8080-exec-7] INFO  com.example.jwt.JwtLoggingAspect - Validating JWT: eyJhbGciOi...
2025-02-10 21:52:01 [http-nio-8080-exec-7] INFO  com.example.jwt.JwtLoggingAspect - ✅ JWT is valid
2025-02-10 21:52:03 [http-nio-8080-exec-5] INFO  com.example.jwt.JwtLoggingAspect - ### JWT Logging Aspect Initialized ###
2025-02-10 21:52:03 [http-nio-8080-exec-5] INFO  com.example.jwt.JwtLoggingAspect - Validating JWT: eyJhbGciOi...
2025-02-10 21:52:03 [http-nio-8080-exec-5] INFO  com.example.jwt.JwtLoggingAspect - ✅ JWT is valid
2025-02-10 21:53:03 [http-nio-8080-exec-1] INFO  com.example.jwt.JwtLoggingAspect - ### JWT Logging Aspect Initialized ###
2025-02-10 21:53:03 [http-nio-8080-exec-1] INFO  com.example.jwt.JwtLoggingAspect - Validating JWT: eyJhbGciOi...
2025-02-10 21:53:03 [http-nio-8080-exec-1] INFO  com.example.jwt.JwtLoggingAspect - ✅ JWT is valid
2025-02-10 21:53:03 [http-nio-8080-exec-10] INFO  com.example.jwt.JwtLoggingAspect - ### JWT Logging Aspect Initialized ###
2025-02-10 21:53:03 [http-nio-8080-exec-10] INFO  com.example.jwt.JwtLoggingAspect - Validating JWT: eyJhbGciOi...
2025-02-10 21:53:03 [http-nio-8080-exec-10] INFO  com.example.jwt.JwtLoggingAspect - ✅ JWT is valid
2025-02-10 21:53:08 [http-nio-8080-exec-2] INFO  com.example.jwt.JwtLoggingAspect - ### JWT Logging Aspect Initialized ###
2025-02-10 21:53:08 [http-nio-8080-exec-2] INFO  com.example.jwt.JwtLoggingAspect - Validating JWT: eyJhbGciOi...
2025-02-10 21:53:08 [http-nio-8080-exec-2] INFO  com.example.jwt.JwtLoggingAspect - ✅ JWT is valid
2025-02-10 21:53:08 [http-nio-8080-exec-3] INFO  com.example.jwt.JwtLoggingAspect - ### JWT Logging Aspect Initialized ###
2025-02-10 21:53:08 [http-nio-8080-exec-3] INFO  com.example.jwt.JwtLoggingAspect - Validating JWT: eyJhbGciOi...
2025-02-10 21:53:08 [http-nio-8080-exec-3] INFO  com.example.jwt.JwtLoggingAspect - ✅ JWT is valid
2025-02-10 21:56:53 [http-nio-8080-exec-5] INFO  com.example.jwt.JwtLoggingAspect - ### JWT Logging Aspect Initialized ###
2025-02-10 21:56:53 [http-nio-8080-exec-5] INFO  com.example.jwt.JwtLoggingAspect - Validating JWT: eyJhbGciOi...
2025-02-10 21:56:53 [http-nio-8080-exec-5] INFO  com.example.jwt.JwtLoggingAspect - ✅ JWT is valid
2025-02-10 21:56:53 [http-nio-8080-exec-9] INFO  com.example.jwt.JwtLoggingAspect - ### JWT Logging Aspect Initialized ###
2025-02-10 21:56:53 [http-nio-8080-exec-9] INFO  com.example.jwt.JwtLoggingAspect - Validating JWT: eyJhbGciOi...
2025-02-10 21:56:53 [http-nio-8080-exec-9] INFO  com.example.jwt.JwtLoggingAspect - ✅ JWT is valid
2025-02-10 21:56:55 [http-nio-8080-exec-6] INFO  com.example.jwt.JwtLoggingAspect - ### JWT Logging Aspect Initialized ###
2025-02-10 21:56:55 [http-nio-8080-exec-6] INFO  com.example.jwt.JwtLoggingAspect - Validating JWT: eyJhbGciOi...
2025-02-10 21:56:55 [http-nio-8080-exec-6] INFO  com.example.jwt.JwtLoggingAspect - ✅ JWT is valid
2025-02-10 21:56:57 [http-nio-8080-exec-1] INFO  com.example.jwt.JwtLoggingAspect - ### JWT Logging Aspect Initialized ###
2025-02-10 21:56:57 [http-nio-8080-exec-1] INFO  com.example.jwt.JwtLoggingAspect - Validating JWT: eyJhbGciOi...
2025-02-10 21:56:57 [http-nio-8080-exec-1] INFO  com.example.jwt.JwtLoggingAspect - ✅ JWT is valid
2025-02-10 21:56:59 [http-nio-8080-exec-10] INFO  com.example.jwt.JwtLoggingAspect - ### JWT Logging Aspect Initialized ###
2025-02-10 21:56:59 [http-nio-8080-exec-10] INFO  com.example.jwt.JwtLoggingAspect - Validating JWT: eyJhbGciOi...
2025-02-10 21:56:59 [http-nio-8080-exec-10] INFO  com.example.jwt.JwtLoggingAspect - ✅ JWT is valid
2025-02-10 21:56:59 [http-nio-8080-exec-2] INFO  com.example.jwt.JwtLoggingAspect - ### JWT Logging Aspect Initialized ###
2025-02-10 21:56:59 [http-nio-8080-exec-2] INFO  com.example.jwt.JwtLoggingAspect - Validating JWT: eyJhbGciOi...
2025-02-10 21:56:59 [http-nio-8080-exec-2] INFO  com.example.jwt.JwtLoggingAspect - ✅ JWT is valid
